build/app/intermediates/manifest_merge_blame_file/debug/manifest-merger-blame-debug-report.txt
1<?xml version="1.0" encoding="utf-8"?>
2<manifest xmlns:android="http://schemas.android.com/apk/res/android"
3    package="com.example.jeemo_pay"
4    android:versionCode="1"
5    android:versionName="1.0.0" >
6
7    <uses-sdk
8        android:minSdkVersion="23"
9        android:targetSdkVersion="34" />
10    <!--
11         The INTERNET permission is required for development. Specifically,
12         the Flutter tool needs it to communicate with the running application
13         to allow setting breakpoints, to provide hot reload, etc.
14    -->
15    <uses-permission android:name="android.permission.INTERNET" />
15-->src\debug\AndroidManifest.xml:6:5-66
15-->src\debug\AndroidManifest.xml:6:22-64
16
17    <permission
17-->[androidx.core:core:1.10.1] AndroidManifest.xml:22:5-24:47
18        android:name="com.example.jeemo_pay.DYNAMIC_RECEIVER_NOT_EXPORTED_PERMISSION"
18-->[androidx.core:core:1.10.1] AndroidManifest.xml:23:9-81
19        android:protectionLevel="signature" />
19-->[androidx.core:core:1.10.1] AndroidManifest.xml:24:9-44
20
21    <uses-permission android:name="com.example.jeemo_pay.DYNAMIC_RECEIVER_NOT_EXPORTED_PERMISSION" />
21-->[androidx.core:core:1.10.1] AndroidManifest.xml:26:5-97
21-->[androidx.core:core:1.10.1] AndroidManifest.xml:26:22-94
22
23    <application
24        android:name="android.app.Application"
25        android:appComponentFactory="androidx.core.app.CoreComponentFactory"
25-->[androidx.core:core:1.10.1] AndroidManifest.xml:28:18-86
26        android:debuggable="true"
27        android:extractNativeLibs="false"
28        android:icon="@mipmap/ic_launcher"
29        android:label="jeemo_pay" >
30        <activity
31            android:name="com.example.jeemo_pay.MainActivity"
32            android:configChanges="orientation|keyboardHidden|keyboard|screenSize|smallestScreenSize|locale|layoutDirection|fontScale|screenLayout|density|uiMode"
33            android:exported="true"
34            android:hardwareAccelerated="true"
35            android:launchMode="singleTop"
36            android:theme="@style/LaunchTheme"
37            android:windowSoftInputMode="adjustResize" >
38
39            <!--
40                 Specifies an Android theme to apply to this Activity as soon as
41                 the Android process has started. This theme is visible to the user
42                 while the Flutter UI initializes. After that, this theme continues
43                 to determine the Window background behind the Flutter UI.
44            -->
45            <meta-data
46                android:name="io.flutter.embedding.android.NormalTheme"
47                android:resource="@style/NormalTheme" />
48
49            <intent-filter>
50                <action android:name="android.intent.action.MAIN" />
51
52                <category android:name="android.intent.category.LAUNCHER" />
53            </intent-filter>
54        </activity>
55        <!--
56             Don't delete the meta-data below.
57             This is used by the Flutter tool to generate GeneratedPluginRegistrant.java
58        -->
59        <meta-data
60            android:name="flutterEmbedding"
61            android:value="2" />
62        <!--
63           Declares a provider which allows us to store files to share in
64           '.../caches/share_plus' and grant the receiving action access
65        -->
66        <provider
66-->[:share_plus] AndroidManifest.xml:15:9-23:20
67            android:name="dev.fluttercommunity.plus.share.ShareFileProvider"
67-->[:share_plus] AndroidManifest.xml:16:13-77
68            android:authorities="com.example.jeemo_pay.flutter.share_provider"
68-->[:share_plus] AndroidManifest.xml:17:13-74
69            android:exported="false"
69-->[:share_plus] AndroidManifest.xml:18:13-37
70            android:grantUriPermissions="true" >
70-->[:share_plus] AndroidManifest.xml:19:13-47
71            <meta-data
71-->[:share_plus] AndroidManifest.xml:20:13-22:68
72                android:name="android.support.FILE_PROVIDER_PATHS"
72-->[:share_plus] AndroidManifest.xml:21:17-67
73                android:resource="@xml/flutter_share_file_paths" />
73-->[:share_plus] AndroidManifest.xml:22:17-65
74        </provider>
75        <!--
76           This manifest declared broadcast receiver allows us to use an explicit
77           Intent when creating a PendingItent to be informed of the user's choice
78        -->
79        <receiver
79-->[:share_plus] AndroidManifest.xml:28:9-34:20
80            android:name="dev.fluttercommunity.plus.share.SharePlusPendingIntent"
80-->[:share_plus] AndroidManifest.xml:29:13-82
81            android:exported="false" >
81-->[:share_plus] AndroidManifest.xml:30:13-37
82            <intent-filter>
82-->[:share_plus] AndroidManifest.xml:31:13-33:29
83                <action android:name="EXTRA_CHOSEN_COMPONENT" />
83-->[:share_plus] AndroidManifest.xml:32:17-65
83-->[:share_plus] AndroidManifest.xml:32:25-62
84            </intent-filter>
85        </receiver>
86
87        <uses-library
87-->[androidx.window:window:1.0.0-beta04] AndroidManifest.xml:25:9-27:40
88            android:name="androidx.window.extensions"
88-->[androidx.window:window:1.0.0-beta04] AndroidManifest.xml:26:13-54
89            android:required="false" />
89-->[androidx.window:window:1.0.0-beta04] AndroidManifest.xml:27:13-37
90        <uses-library
90-->[androidx.window:window:1.0.0-beta04] AndroidManifest.xml:28:9-30:40
91            android:name="androidx.window.sidecar"
91-->[androidx.window:window:1.0.0-beta04] AndroidManifest.xml:29:13-51
92            android:required="false" />
92-->[androidx.window:window:1.0.0-beta04] AndroidManifest.xml:30:13-37
93    </application>
94
95</manifest>